<?xml version="1.0" encoding="UTF-8"?>
<testsuite name="org.launchcode.water_garden_tour.WaterGardenTourApplicationTests" tests="1" skipped="0" failures="0" errors="0" timestamp="2020-04-14T02:29:07" hostname="LAPTOP-R0832JNJ" time="0.381">
  <properties/>
  <testcase name="contextLoads()" classname="org.launchcode.water_garden_tour.WaterGardenTourApplicationTests" time="0.381"/>
  <system-out><![CDATA[21:29:05.267 [Test worker] DEBUG org.springframework.test.context.BootstrapUtils - Instantiating CacheAwareContextLoaderDelegate from class [org.springframework.test.context.cache.DefaultCacheAwareContextLoaderDelegate]
21:29:05.284 [Test worker] DEBUG org.springframework.test.context.BootstrapUtils - Instantiating BootstrapContext using constructor [public org.springframework.test.context.support.DefaultBootstrapContext(java.lang.Class,org.springframework.test.context.CacheAwareContextLoaderDelegate)]
21:29:05.325 [Test worker] DEBUG org.springframework.test.context.BootstrapUtils - Instantiating TestContextBootstrapper for test class [org.launchcode.water_garden_tour.WaterGardenTourApplicationTests] from class [org.springframework.boot.test.context.SpringBootTestContextBootstrapper]
21:29:05.352 [Test worker] INFO org.springframework.boot.test.context.SpringBootTestContextBootstrapper - Neither @ContextConfiguration nor @ContextHierarchy found for test class [org.launchcode.water_garden_tour.WaterGardenTourApplicationTests], using SpringBootContextLoader
21:29:05.359 [Test worker] DEBUG org.springframework.test.context.support.AbstractContextLoader - Did not detect default resource location for test class [org.launchcode.water_garden_tour.WaterGardenTourApplicationTests]: class path resource [org/launchcode/water_garden_tour/WaterGardenTourApplicationTests-context.xml] does not exist
21:29:05.360 [Test worker] DEBUG org.springframework.test.context.support.AbstractContextLoader - Did not detect default resource location for test class [org.launchcode.water_garden_tour.WaterGardenTourApplicationTests]: class path resource [org/launchcode/water_garden_tour/WaterGardenTourApplicationTestsContext.groovy] does not exist
21:29:05.360 [Test worker] INFO org.springframework.test.context.support.AbstractContextLoader - Could not detect default resource locations for test class [org.launchcode.water_garden_tour.WaterGardenTourApplicationTests]: no resource found for suffixes {-context.xml, Context.groovy}.
21:29:05.361 [Test worker] INFO org.springframework.test.context.support.AnnotationConfigContextLoaderUtils - Could not detect default configuration classes for test class [org.launchcode.water_garden_tour.WaterGardenTourApplicationTests]: WaterGardenTourApplicationTests does not declare any static, non-private, non-final, nested classes annotated with @Configuration.
21:29:05.421 [Test worker] DEBUG org.springframework.test.context.support.ActiveProfilesUtils - Could not find an 'annotation declaring class' for annotation type [org.springframework.test.context.ActiveProfiles] and class [org.launchcode.water_garden_tour.WaterGardenTourApplicationTests]
21:29:05.518 [Test worker] DEBUG org.springframework.context.annotation.ClassPathScanningCandidateComponentProvider - Identified candidate component class: file [D:\James\Documents\_Liftoff\water_garden_tour\build\classes\java\main\org\launchcode\water_garden_tour\WaterGardenTourApplication.class]
21:29:05.519 [Test worker] INFO org.springframework.boot.test.context.SpringBootTestContextBootstrapper - Found @SpringBootConfiguration org.launchcode.water_garden_tour.WaterGardenTourApplication for test class org.launchcode.water_garden_tour.WaterGardenTourApplicationTests
21:29:05.671 [Test worker] DEBUG org.springframework.boot.test.context.SpringBootTestContextBootstrapper - @TestExecutionListeners is not present for class [org.launchcode.water_garden_tour.WaterGardenTourApplicationTests]: using defaults.
21:29:05.672 [Test worker] INFO org.springframework.boot.test.context.SpringBootTestContextBootstrapper - Loaded default TestExecutionListener class names from location [META-INF/spring.factories]: [org.springframework.boot.test.autoconfigure.restdocs.RestDocsTestExecutionListener, org.springframework.boot.test.autoconfigure.web.client.MockRestServiceServerResetTestExecutionListener, org.springframework.boot.test.autoconfigure.web.servlet.MockMvcPrintOnlyOnFailureTestExecutionListener, org.springframework.boot.test.autoconfigure.web.servlet.WebDriverTestExecutionListener, org.springframework.boot.test.mock.mockito.MockitoTestExecutionListener, org.springframework.boot.test.mock.mockito.ResetMocksTestExecutionListener, org.springframework.test.context.web.ServletTestExecutionListener, org.springframework.test.context.support.DirtiesContextBeforeModesTestExecutionListener, org.springframework.test.context.support.DependencyInjectionTestExecutionListener, org.springframework.test.context.support.DirtiesContextTestExecutionListener, org.springframework.test.context.transaction.TransactionalTestExecutionListener, org.springframework.test.context.jdbc.SqlScriptsTestExecutionListener, org.springframework.test.context.event.EventPublishingTestExecutionListener]
21:29:05.683 [Test worker] DEBUG org.springframework.boot.test.context.SpringBootTestContextBootstrapper - Skipping candidate TestExecutionListener [org.springframework.test.context.transaction.TransactionalTestExecutionListener] due to a missing dependency. Specify custom listener classes or make the default listener classes and their required dependencies available. Offending class: [org/springframework/transaction/interceptor/TransactionAttributeSource]
21:29:05.684 [Test worker] DEBUG org.springframework.boot.test.context.SpringBootTestContextBootstrapper - Skipping candidate TestExecutionListener [org.springframework.test.context.jdbc.SqlScriptsTestExecutionListener] due to a missing dependency. Specify custom listener classes or make the default listener classes and their required dependencies available. Offending class: [org/springframework/transaction/interceptor/TransactionAttribute]
21:29:05.684 [Test worker] INFO org.springframework.boot.test.context.SpringBootTestContextBootstrapper - Using TestExecutionListeners: [org.springframework.test.context.web.ServletTestExecutionListener@16d7888e, org.springframework.test.context.support.DirtiesContextBeforeModesTestExecutionListener@3c0146fc, org.springframework.boot.test.mock.mockito.MockitoTestExecutionListener@37176c1e, org.springframework.boot.test.autoconfigure.SpringBootDependencyInjectionTestExecutionListener@34882312, org.springframework.test.context.support.DirtiesContextTestExecutionListener@1e315ef5, org.springframework.test.context.event.EventPublishingTestExecutionListener@28b1dd69, org.springframework.boot.test.autoconfigure.restdocs.RestDocsTestExecutionListener@244a33fd, org.springframework.boot.test.autoconfigure.web.client.MockRestServiceServerResetTestExecutionListener@512f04d5, org.springframework.boot.test.autoconfigure.web.servlet.MockMvcPrintOnlyOnFailureTestExecutionListener@45fd3ef3, org.springframework.boot.test.autoconfigure.web.servlet.WebDriverTestExecutionListener@6301f9b0, org.springframework.boot.test.mock.mockito.ResetMocksTestExecutionListener@1621ebf6]
21:29:05.689 [Test worker] DEBUG org.springframework.test.context.support.AbstractDirtiesContextTestExecutionListener - Before test class: context [DefaultTestContext@4c2f6491 testClass = WaterGardenTourApplicationTests, testInstance = [null], testMethod = [null], testException = [null], mergedContextConfiguration = [WebMergedContextConfiguration@3ef25822 testClass = WaterGardenTourApplicationTests, locations = '{}', classes = '{class org.launchcode.water_garden_tour.WaterGardenTourApplication}', contextInitializerClasses = '[]', activeProfiles = '{}', propertySourceLocations = '{}', propertySourceProperties = '{org.springframework.boot.test.context.SpringBootTestContextBootstrapper=true}', contextCustomizers = set[org.springframework.boot.test.autoconfigure.properties.PropertyMappingContextCustomizer@0, org.springframework.boot.test.autoconfigure.web.servlet.WebDriverContextCustomizerFactory$Customizer@3c90f119, org.springframework.boot.test.context.filter.ExcludeFilterContextCustomizer@3c16dfaf, org.springframework.boot.test.json.DuplicateJsonObjectContextCustomizerFactory$DuplicateJsonObjectContextCustomizer@594b48be, org.springframework.boot.test.mock.mockito.MockitoContextCustomizer@0, org.springframework.boot.test.web.client.TestRestTemplateContextCustomizer@1748edf8], resourceBasePath = 'src/main/webapp', contextLoader = 'org.springframework.boot.test.context.SpringBootContextLoader', parent = [null]], attributes = map['org.springframework.test.context.web.ServletTestExecutionListener.activateListener' -> true]], class annotated with @DirtiesContext [false] with mode [null].
21:29:05.715 [Test worker] DEBUG org.springframework.test.context.support.TestPropertySourceUtils - Adding inlined properties to environment: {spring.jmx.enabled=false, org.springframework.boot.test.context.SpringBootTestContextBootstrapper=true, server.port=-1}

  .   ____          _            __ _ _
 /\\ / ___'_ __ _ _(_)_ __  __ _ \ \ \ \
( ( )\___ | '_ | '_| | '_ \/ _` | \ \ \ \
 \\/  ___)| |_)| | | | | || (_| |  ) ) ) )
  '  |____| .__|_| |_|_| |_\__, | / / / /
 =========|_|==============|___/=/_/_/_/
 :: Spring Boot ::        (v2.2.6.RELEASE)

2020-04-13 21:29:06.014  INFO 8776 --- [    Test worker] o.l.w.WaterGardenTourApplicationTests    : Starting WaterGardenTourApplicationTests on LAPTOP-R0832JNJ with PID 8776 (started by James in D:\James\Documents\_Liftoff\water_garden_tour)
2020-04-13 21:29:06.016  INFO 8776 --- [    Test worker] o.l.w.WaterGardenTourApplicationTests    : No active profile set, falling back to default profiles: default
2020-04-13 21:29:07.220  INFO 8776 --- [    Test worker] o.s.s.concurrent.ThreadPoolTaskExecutor  : Initializing ExecutorService 'applicationTaskExecutor'
2020-04-13 21:29:07.563  INFO 8776 --- [    Test worker] o.l.w.WaterGardenTourApplicationTests    : Started WaterGardenTourApplicationTests in 1.837 seconds (JVM running for 3.76)
]]></system-out>
  <system-err><![CDATA[]]></system-err>
</testsuite>
